[2018-06-22 15:17:48] Текст ошибки: Page not found! | File name: C:\OSPanel\domains\ishop2.loc\public\index.php | Line: 10
=================
[2018-06-22 15:17:48] Текст ошибки: Page not found! | File name: C:\OSPanel\domains\ishop2.loc\public\index.php | Line: 10
=================
[2018-06-22 15:17:49] Текст ошибки: Page not found! | File name: C:\OSPanel\domains\ishop2.loc\public\index.php | Line: 10
=================
[2018-06-22 15:17:49] Текст ошибки: Page not found! | File name: C:\OSPanel\domains\ishop2.loc\public\index.php | Line: 10
=================
[2018-06-22 15:18:20] Текст ошибки: Page not found! | File name: C:\OSPanel\domains\ishop2.loc\public\index.php | Line: 10
=================
[2018-06-22 15:18:20] Текст ошибки: Page not found! | File name: C:\OSPanel\domains\ishop2.loc\public\index.php | Line: 10
=================
[2018-06-22 15:18:21] Текст ошибки: Page not found! | File name: C:\OSPanel\domains\ishop2.loc\public\index.php | Line: 10
=================
[2018-06-22 15:18:21] Текст ошибки: Page not found! | File name: C:\OSPanel\domains\ishop2.loc\public\index.php | Line: 10
=================
[2018-06-22 15:18:22] Текст ошибки: Page not found! | File name: C:\OSPanel\domains\ishop2.loc\public\index.php | Line: 10
=================
[2018-06-22 15:18:22] Текст ошибки: Page not found! | File name: C:\OSPanel\domains\ishop2.loc\public\index.php | Line: 10
=================
[2018-06-22 15:18:28] Текст ошибки: Page not found! | File name: C:\OSPanel\domains\ishop2.loc\public\index.php | Line: 10
=================
[2018-06-22 15:18:28] Текст ошибки: Page not found! | File name: C:\OSPanel\domains\ishop2.loc\public\index.php | Line: 10
=================
[2018-06-22 15:18:29] Текст ошибки: Page not found! | File name: C:\OSPanel\domains\ishop2.loc\public\index.php | Line: 10
=================
[2018-06-22 15:18:29] Текст ошибки: Page not found! | File name: C:\OSPanel\domains\ishop2.loc\public\index.php | Line: 10
=================
[2018-06-22 15:18:36] Текст ошибки: Page not found! | File name: C:\OSPanel\domains\ishop2.loc\public\index.php | Line: 10
=================
[2018-06-22 15:18:36] Текст ошибки: Page not found! | File name: C:\OSPanel\domains\ishop2.loc\public\index.php | Line: 10
=================
[2018-06-22 15:20:35] Текст ошибки: Page not found! | File name: C:\OSPanel\domains\ishop2.loc\public\index.php | Line: 10
=================
[2018-06-22 15:20:35] Текст ошибки: Page not found! | File name: C:\OSPanel\domains\ishop2.loc\public\index.php | Line: 10
=================
[2018-06-22 15:20:43] Текст ошибки: Page not found! | File name: C:\OSPanel\domains\ishop2.loc\public\index.php | Line: 10
=================
[2018-06-22 15:20:44] Текст ошибки: Page not found! | File name: C:\OSPanel\domains\ishop2.loc\public\index.php | Line: 10
=================
[2018-06-22 15:20:44] Текст ошибки: Page not found! | File name: C:\OSPanel\domains\ishop2.loc\public\index.php | Line: 10
=================
[2018-06-22 15:20:44] Текст ошибки: Page not found! | File name: C:\OSPanel\domains\ishop2.loc\public\index.php | Line: 10
=================
[2018-06-22 15:20:59] Текст ошибки: Page not found! | File name: C:\OSPanel\domains\ishop2.loc\public\index.php | Line: 10
=================
[2018-06-22 15:21:01] Текст ошибки: Page not found! | File name: C:\OSPanel\domains\ishop2.loc\public\index.php | Line: 10
=================
[2018-06-22 15:21:09] Текст ошибки: Page not found! | File name: C:\OSPanel\domains\ishop2.loc\public\index.php | Line: 10
=================
[2018-06-22 15:21:35] Текст ошибки: Page not found! | File name: C:\OSPanel\domains\ishop2.loc\public\index.php | Line: 10
=================
[2018-06-22 15:21:37] Текст ошибки: Page not found! | File name: C:\OSPanel\domains\ishop2.loc\public\index.php | Line: 10
=================
[2018-06-22 15:22:45] Текст ошибки: Page not found! | File name: C:\OSPanel\domains\ishop2.loc\public\index.php | Line: 10
=================
[2018-06-22 15:22:47] Текст ошибки: Page not found! | File name: C:\OSPanel\domains\ishop2.loc\public\index.php | Line: 10
=================
[2018-06-22 15:22:47] Текст ошибки: Page not found! | File name: C:\OSPanel\domains\ishop2.loc\public\index.php | Line: 10
=================
[2018-06-22 15:22:55] Текст ошибки: Page not found! | File name: C:\OSPanel\domains\ishop2.loc\public\index.php | Line: 10
=================
[2018-06-22 15:22:56] Текст ошибки: Page not found! | File name: C:\OSPanel\domains\ishop2.loc\public\index.php | Line: 10
=================
[2018-06-22 15:23:50] Текст ошибки: Page not found! | File name: C:\OSPanel\domains\ishop2.loc\public\index.php | Line: 10
=================
[2018-06-22 15:23:51] Текст ошибки: Page not found! | File name: C:\OSPanel\domains\ishop2.loc\public\index.php | Line: 10
=================
[2018-06-22 15:24:17] Текст ошибки: Page not found! | File name: C:\OSPanel\domains\ishop2.loc\public\index.php | Line: 10
=================
[2018-06-22 15:24:18] Текст ошибки: Page not found! | File name: C:\OSPanel\domains\ishop2.loc\public\index.php | Line: 10
=================
[2018-06-22 15:24:37] Текст ошибки: Page not found! | File name: C:\OSPanel\domains\ishop2.loc\public\index.php | Line: 10
=================
[2018-06-22 15:24:38] Текст ошибки: Page not found! | File name: C:\OSPanel\domains\ishop2.loc\public\index.php | Line: 10
=================
[2018-06-22 15:43:38] Текст ошибки: Page not found! | File name: C:\OSPanel\domains\ishop2.loc\public\index.php | Line: 10
=================
[2018-06-22 15:43:46] Текст ошибки: Page not found! | File name: C:\OSPanel\domains\ishop2.loc\public\index.php | Line: 10
=================
[2018-06-22 15:43:48] Текст ошибки: Page not found! | File name: C:\OSPanel\domains\ishop2.loc\public\index.php | Line: 10
=================
[2018-06-23 13:57:34] Текст ошибки: Page not found | File name: C:\OSPanel\domains\ishop2.loc\vendor\ishop\core\Router.php | Line: 38
=================
[2018-06-23 13:57:39] Текст ошибки: Page not found | File name: C:\OSPanel\domains\ishop2.loc\vendor\ishop\core\Router.php | Line: 38
=================
[2018-06-23 14:05:33] Текст ошибки: Page not found | File name: C:\OSPanel\domains\ishop2.loc\vendor\ishop\core\Router.php | Line: 38
=================
[2018-06-23 14:05:34] Текст ошибки: Page not found | File name: C:\OSPanel\domains\ishop2.loc\vendor\ishop\core\Router.php | Line: 38
=================
[2018-06-23 14:05:35] Текст ошибки: Page not found | File name: C:\OSPanel\domains\ishop2.loc\vendor\ishop\core\Router.php | Line: 38
=================
[2018-06-23 14:05:35] Текст ошибки: Page not found | File name: C:\OSPanel\domains\ishop2.loc\vendor\ishop\core\Router.php | Line: 38
=================
[2018-06-23 14:05:35] Текст ошибки: Page not found | File name: C:\OSPanel\domains\ishop2.loc\vendor\ishop\core\Router.php | Line: 38
=================
[2018-06-23 14:05:35] Текст ошибки: Page not found | File name: C:\OSPanel\domains\ishop2.loc\vendor\ishop\core\Router.php | Line: 38
=================
[2018-06-23 14:28:16] Текст ошибки: Controller app\controllers\ViewControllernot found | File name: C:\OSPanel\domains\ishop2.loc\vendor\ishop\core\Router.php | Line: 46
=================
[2018-06-23 14:28:33] Текст ошибки: Controller app\controllers\ViewControllernot found | File name: C:\OSPanel\domains\ishop2.loc\vendor\ishop\core\Router.php | Line: 46
=================
[2018-06-23 14:28:35] Текст ошибки: Controller app\controllers\ViewControllernot found | File name: C:\OSPanel\domains\ishop2.loc\vendor\ishop\core\Router.php | Line: 46
=================
[2018-06-25 10:34:09] Текст ошибки: Page not found | File name: C:\OSPanel\domains\ishop2.loc\vendor\ishop\core\Router.php | Line: 50
=================
[2018-06-25 10:47:51] Текст ошибки: Template test not found | File name: C:\OSPanel\domains\ishop2.loc\vendor\ishop\core\base\View.php | Line: 47
=================
[2018-06-25 15:53:18] Текст ошибки: Not found view C:\OSPanel\domains\ishop2.loc/app/views/Page/view.php | File name: C:\OSPanel\domains\ishop2.loc\vendor\ishop\core\base\View.php | Line: 42
=================
[2018-07-02 13:08:00] Текст ошибки: Page not found | File name: C:\OSPanel\domains\ishop2.loc\vendor\ishop\core\Router.php | Line: 52
=================
[2018-07-02 13:08:02] Текст ошибки: Page not found | File name: C:\OSPanel\domains\ishop2.loc\vendor\ishop\core\Router.php | Line: 52
=================
[2018-07-02 13:08:07] Текст ошибки: Page not found | File name: C:\OSPanel\domains\ishop2.loc\vendor\ishop\core\Router.php | Line: 52
=================
[2018-07-02 13:08:09] Текст ошибки: Page not found | File name: C:\OSPanel\domains\ishop2.loc\vendor\ishop\core\Router.php | Line: 52
=================
[2018-07-02 15:55:54] Текст ошибки: Page not found | File name: C:\OSPanel\domains\ishop2.loc\vendor\ishop\core\Router.php | Line: 51
=================
[2018-07-03 12:03:44] Текст ошибки: Page not found | File name: C:\OSPanel\domains\ishop2.loc\vendor\ishop\core\Router.php | Line: 51
=================
[2018-07-03 12:06:47] Текст ошибки: Page not found | File name: C:\OSPanel\domains\ishop2.loc\vendor\ishop\core\Router.php | Line: 51
=================
[2018-07-04 12:21:59] Текст ошибки: no connect with db | File name: C:\OSPanel\domains\ishop2.loc\vendor\ishop\core\Db.php | Line: 14
=================
[2018-07-04 12:22:02] Текст ошибки: Page not found | File name: C:\OSPanel\domains\ishop2.loc\vendor\ishop\core\Router.php | Line: 51
=================
[2018-07-04 12:23:15] Текст ошибки: no connect with db | File name: C:\OSPanel\domains\ishop2.loc\vendor\ishop\core\Db.php | Line: 14
=================
[2018-07-05 13:22:30] Текст ошибки: Page not found | File name: C:\OSPanel\domains\ishop2.loc\vendor\ishop\core\Router.php | Line: 51
=================
